

times in msec
 clock   self+sourced   self:  sourced script
 clock   elapsed:              other lines

000.015  000.015: --- NVIM STARTING ---
000.655  000.640: event init
001.054  000.399: early init
001.306  000.251: locale set
001.342  000.036: init first window
013.740  012.398: inits 1
013.758  000.018: window checked
013.760  000.002: parsing arguments
014.857  000.075  000.075: require('vim.shared')
014.956  000.034  000.034: require('vim._meta')
014.958  000.096  000.063: require('vim._editor')
014.959  000.210  000.039: require('vim._init_packages')
014.961  000.990: init lua interpreter
015.260  000.299: expanding arguments
015.308  000.048: inits 2
015.593  000.285: init highlight
015.594  000.001: waiting for UI
020.607  005.013: done waiting for UI
020.631  000.025: init screen for UI
020.850  000.219: init default mappings
020.865  000.014: init default autocommands
022.257  000.335  000.335: sourcing /opt/homebrew/Cellar/neovim/0.8.1/share/nvim/runtime/ftplugin.vim
022.634  000.230  000.230: sourcing /opt/homebrew/Cellar/neovim/0.8.1/share/nvim/runtime/indent.vim
025.345  000.964  000.964: require('lazy')
025.404  000.018  000.018: require('ffi')
025.983  000.574  000.574: require('lazy.core.cache')
028.642  000.184  000.184: require('lazy.core.util')
028.747  000.101  000.101: require('lazy.core.config')
028.893  000.066  000.066: require('lazy.core.handler')
028.897  000.148  000.082: require('lazy.core.loader')
028.966  000.068  000.068: require('lazy.core.plugin')
031.437  000.096  000.096: require('lazy.core.handler.keys')
031.542  000.099  000.099: require('lazy.core.handler.event')
031.633  000.086  000.086: require('lazy.core.handler.ft')
031.722  000.086  000.086: require('lazy.core.handler.cmd')
031.780  000.006  000.006: require('vim.keymap')
032.429  000.177  000.177: sourcing /opt/homebrew/Cellar/neovim/0.8.1/share/nvim/runtime/filetype.lua
033.811  000.083  000.083: require('oxocarbon.colorutils')
034.381  000.758  000.676: require('oxocarbon')
034.383  000.773  000.015: sourcing /Users/fadel/.local/share/nvim/lazy/oxocarbon.nvim/colors/oxocarbon.lua
034.540  000.004  000.004: require('vim.F')
034.546  000.115  000.111: require('alpha')
035.026  000.225  000.225: sourcing /opt/homebrew/Cellar/neovim/0.8.1/share/nvim/runtime/plugin/health.vim
035.186  000.039  000.039: sourcing /opt/homebrew/Cellar/neovim/0.8.1/share/nvim/runtime/plugin/man.lua
035.665  000.402  000.402: sourcing /opt/homebrew/Cellar/neovim/0.8.1/share/nvim/runtime/plugin/rplugin.vim
035.862  000.099  000.099: sourcing /opt/homebrew/Cellar/neovim/0.8.1/share/nvim/runtime/plugin/shada.vim
036.023  000.053  000.053: sourcing /opt/homebrew/Cellar/neovim/0.8.1/share/nvim/runtime/plugin/spellfile.vim
036.193  012.294  007.980: require('lazyconfig')
036.198  013.290  000.996: sourcing /Users/fadel/.config/nvim/init.lua
036.209  001.489: sourcing vimrc file(s)
036.413  000.019  000.019: sourcing /opt/homebrew/Cellar/neovim/0.8.1/share/nvim/runtime/filetype.lua
036.647  000.163  000.163: sourcing /opt/homebrew/Cellar/neovim/0.8.1/share/nvim/runtime/filetype.vim
037.198  000.231  000.231: sourcing /opt/homebrew/Cellar/neovim/0.8.1/share/nvim/runtime/syntax/synload.vim
037.259  000.505  000.274: sourcing /opt/homebrew/Cellar/neovim/0.8.1/share/nvim/runtime/syntax/syntax.vim
037.269  000.374: inits 3
039.899  002.630: reading ShaDa
039.961  000.062: opening buffers
039.963  000.002: BufEnter autocommands
039.965  000.002: editing files in windows
040.698  000.733: VimEnter autocommands
040.700  000.002: UIEnter autocommands
041.148  000.326  000.326: sourcing /opt/homebrew/Cellar/neovim/0.8.1/share/nvim/runtime/autoload/provider/clipboard.vim
041.153  000.128: before starting main loop
042.318  001.165: first screen update
042.319  000.001: --- NVIM STARTED ---


times in msec
 clock   self+sourced   self:  sourced script
 clock   elapsed:              other lines

000.015  000.015: --- NVIM STARTING ---
000.179  000.164: event init
000.439  000.259: early init
000.741  000.302: locale set
000.789  000.048: init first window
013.033  012.245: inits 1
013.047  000.014: window checked
013.050  000.003: parsing arguments
013.578  000.084  000.084: require('vim.shared')
013.693  000.039  000.039: require('vim._meta')
013.695  000.114  000.075: require('vim._editor')
013.697  000.246  000.048: require('vim._init_packages')
013.699  000.403: init lua interpreter
014.072  000.373: expanding arguments
014.118  000.046: inits 2
014.454  000.336: init highlight
014.455  000.001: waiting for UI
019.116  004.661: done waiting for UI
019.133  000.017: init screen for UI
019.291  000.157: init default mappings
019.301  000.011: init default autocommands
020.255  000.066  000.066: sourcing /opt/homebrew/Cellar/neovim/0.8.1/share/nvim/runtime/ftplugin.vim
020.401  000.030  000.030: sourcing /opt/homebrew/Cellar/neovim/0.8.1/share/nvim/runtime/indent.vim
022.622  000.985  000.985: require('lazy')
022.658  000.014  000.014: require('ffi')
023.085  000.423  000.423: require('lazy.core.cache')
025.352  000.228  000.228: require('lazy.core.util')
025.503  000.146  000.146: require('lazy.core.config')
025.697  000.083  000.083: require('lazy.core.handler')
025.701  000.196  000.113: require('lazy.core.loader')
025.790  000.087  000.087: require('lazy.core.plugin')
029.646  000.199  000.199: require('lazy.core.handler.keys')
029.791  000.131  000.131: require('lazy.core.handler.event')
029.872  000.077  000.077: require('lazy.core.handler.cmd')
029.937  000.063  000.063: require('lazy.core.handler.ft')
029.980  000.006  000.006: require('vim.keymap')
030.760  000.165  000.165: sourcing /opt/homebrew/Cellar/neovim/0.8.1/share/nvim/runtime/filetype.lua
032.273  000.084  000.084: require('oxocarbon.colorutils')
032.910  000.844  000.760: require('oxocarbon')
032.912  000.860  000.015: sourcing /Users/fadel/.local/share/nvim/lazy/oxocarbon.nvim/colors/oxocarbon.lua
033.132  000.004  000.004: require('vim.F')
033.139  000.115  000.111: require('alpha')
033.377  000.013  000.013: sourcing /opt/homebrew/Cellar/neovim/0.8.1/share/nvim/runtime/plugin/health.vim
033.474  000.034  000.034: sourcing /opt/homebrew/Cellar/neovim/0.8.1/share/nvim/runtime/plugin/man.lua
033.694  000.156  000.156: sourcing /opt/homebrew/Cellar/neovim/0.8.1/share/nvim/runtime/plugin/rplugin.vim
033.814  000.056  000.056: sourcing /opt/homebrew/Cellar/neovim/0.8.1/share/nvim/runtime/plugin/shada.vim
033.901  000.021  000.021: sourcing /opt/homebrew/Cellar/neovim/0.8.1/share/nvim/runtime/plugin/spellfile.vim
034.016  012.622  008.649: require('lazyconfig')
034.021  013.328  000.706: sourcing /Users/fadel/.config/nvim/init.lua
034.028  001.303: sourcing vimrc file(s)
034.224  000.017  000.017: sourcing /opt/homebrew/Cellar/neovim/0.8.1/share/nvim/runtime/filetype.lua
034.304  000.012  000.012: sourcing /opt/homebrew/Cellar/neovim/0.8.1/share/nvim/runtime/filetype.vim
034.572  000.068  000.068: sourcing /opt/homebrew/Cellar/neovim/0.8.1/share/nvim/runtime/syntax/synload.vim
034.633  000.230  000.163: sourcing /opt/homebrew/Cellar/neovim/0.8.1/share/nvim/runtime/syntax/syntax.vim
034.642  000.355: inits 3
036.942  002.300: reading ShaDa
037.001  000.058: opening buffers
037.002  000.001: BufEnter autocommands
037.004  000.002: editing files in windows
037.597  000.594: VimEnter autocommands
037.599  000.002: UIEnter autocommands
037.892  000.181  000.181: sourcing /opt/homebrew/Cellar/neovim/0.8.1/share/nvim/runtime/autoload/provider/clipboard.vim
037.896  000.116: before starting main loop
038.548  000.651: first screen update
038.549  000.001: --- NVIM STARTED ---


times in msec
 clock   self+sourced   self:  sourced script
 clock   elapsed:              other lines

000.006  000.006: --- NVIM STARTING ---
000.516  000.511: event init
000.910  000.394: early init
001.142  000.232: locale set
001.173  000.031: init first window
012.230  011.057: inits 1
012.250  000.019: window checked
012.254  000.004: parsing arguments
013.426  000.084  000.084: require('vim.shared')
013.540  000.039  000.039: require('vim._meta')
013.542  000.112  000.072: require('vim._editor')
013.543  000.241  000.046: require('vim._init_packages')
013.546  001.051: init lua interpreter
013.860  000.315: expanding arguments
013.914  000.054: inits 2
014.244  000.330: init highlight
014.245  000.001: waiting for UI
019.256  005.011: done waiting for UI
019.276  000.020: init screen for UI
019.458  000.182: init default mappings
019.473  000.014: init default autocommands
020.466  000.082  000.082: sourcing /opt/homebrew/Cellar/neovim/0.8.1/share/nvim/runtime/ftplugin.vim
020.615  000.031  000.031: sourcing /opt/homebrew/Cellar/neovim/0.8.1/share/nvim/runtime/indent.vim
022.798  000.974  000.974: require('lazy')
022.846  000.020  000.020: require('ffi')
023.232  000.381  000.381: require('lazy.core.cache')
026.072  000.290  000.290: require('lazy.core.util')
026.224  000.147  000.147: require('lazy.core.config')
026.410  000.075  000.075: require('lazy.core.handler')
026.414  000.186  000.111: require('lazy.core.loader')
026.501  000.085  000.085: require('lazy.core.plugin')
029.477  000.170  000.170: require('lazy.core.handler.cmd')
029.600  000.119  000.119: require('lazy.core.handler.keys')
029.698  000.089  000.089: require('lazy.core.handler.event')
029.763  000.062  000.062: require('lazy.core.handler.ft')
029.801  000.005  000.005: require('vim.keymap')
030.750  000.166  000.166: sourcing /opt/homebrew/Cellar/neovim/0.8.1/share/nvim/runtime/filetype.lua
031.131  000.004  000.004: require('vim.F')
031.141  000.132  000.128: require('alpha')
032.403  000.079  000.079: require('oxocarbon.colorutils')
032.948  000.725  000.646: require('oxocarbon')
032.950  000.743  000.017: sourcing /Users/fadel/.local/share/nvim/lazy/oxocarbon.nvim/colors/oxocarbon.lua
033.169  000.016  000.016: sourcing /opt/homebrew/Cellar/neovim/0.8.1/share/nvim/runtime/plugin/health.vim
033.263  000.028  000.028: sourcing /opt/homebrew/Cellar/neovim/0.8.1/share/nvim/runtime/plugin/man.lua
033.489  000.156  000.156: sourcing /opt/homebrew/Cellar/neovim/0.8.1/share/nvim/runtime/plugin/rplugin.vim
033.606  000.053  000.053: sourcing /opt/homebrew/Cellar/neovim/0.8.1/share/nvim/runtime/plugin/shada.vim
033.695  000.021  000.021: sourcing /opt/homebrew/Cellar/neovim/0.8.1/share/nvim/runtime/plugin/spellfile.vim
033.816  012.236  008.393: require('lazyconfig')
033.822  012.943  000.707: sourcing /Users/fadel/.config/nvim/init.lua
033.829  001.301: sourcing vimrc file(s)
033.946  000.018  000.018: sourcing /opt/homebrew/Cellar/neovim/0.8.1/share/nvim/runtime/filetype.lua
034.024  000.012  000.012: sourcing /opt/homebrew/Cellar/neovim/0.8.1/share/nvim/runtime/filetype.vim
034.289  000.066  000.066: sourcing /opt/homebrew/Cellar/neovim/0.8.1/share/nvim/runtime/syntax/synload.vim
034.347  000.227  000.161: sourcing /opt/homebrew/Cellar/neovim/0.8.1/share/nvim/runtime/syntax/syntax.vim
034.357  000.272: inits 3
036.745  002.388: reading ShaDa
036.814  000.069: opening buffers
036.816  000.003: BufEnter autocommands
036.820  000.003: editing files in windows
037.376  000.556: VimEnter autocommands
037.378  000.002: UIEnter autocommands
037.702  000.190  000.190: sourcing /opt/homebrew/Cellar/neovim/0.8.1/share/nvim/runtime/autoload/provider/clipboard.vim
037.708  000.140: before starting main loop
038.381  000.673: first screen update
038.382  000.001: --- NVIM STARTED ---


times in msec
 clock   self+sourced   self:  sourced script
 clock   elapsed:              other lines

000.057  000.057: --- NVIM STARTING ---
000.578  000.521: event init
000.943  000.364: early init
001.362  000.420: locale set
001.396  000.033: init first window
011.591  010.195: inits 1
011.605  000.014: window checked
011.607  000.002: parsing arguments
012.534  000.074  000.074: require('vim.shared')
012.632  000.034  000.034: require('vim._meta')
012.634  000.096  000.063: require('vim._editor')
012.635  000.204  000.034: require('vim._init_packages')
012.637  000.826: init lua interpreter
012.915  000.278: expanding arguments
012.944  000.029: inits 2
013.223  000.280: init highlight
013.225  000.001: waiting for UI
018.891  005.667: done waiting for UI
018.915  000.023: init screen for UI
019.124  000.210: init default mappings
019.140  000.016: init default autocommands
020.676  000.294  000.294: sourcing /opt/homebrew/Cellar/neovim/0.8.1/share/nvim/runtime/ftplugin.vim
021.020  000.216  000.216: sourcing /opt/homebrew/Cellar/neovim/0.8.1/share/nvim/runtime/indent.vim
023.559  000.883  000.883: require('lazy')
023.605  000.017  000.017: require('ffi')
024.140  000.530  000.530: require('lazy.core.cache')
026.359  000.124  000.124: require('lazy.core.util')
026.463  000.102  000.102: require('lazy.core.config')
026.619  000.070  000.070: require('lazy.core.handler')
026.623  000.159  000.089: require('lazy.core.loader')
026.702  000.077  000.077: require('lazy.core.plugin')
028.809  000.083  000.083: require('lazy.core.handler.event')
028.813  000.179  000.096: require('lazy.core.handler.ft')
028.890  000.075  000.075: require('lazy.core.handler.keys')
028.953  000.061  000.061: require('lazy.core.handler.cmd')
029.024  000.004  000.004: require('vim.keymap')
029.830  000.182  000.182: sourcing /opt/homebrew/Cellar/neovim/0.8.1/share/nvim/runtime/filetype.lua
030.050  000.004  000.004: require('vim.F')
030.057  000.103  000.099: require('alpha')
031.324  000.083  000.083: require('oxocarbon.colorutils')
031.873  000.743  000.660: require('oxocarbon')
031.874  000.764  000.021: sourcing /Users/fadel/.local/share/nvim/lazy/oxocarbon.nvim/colors/oxocarbon.lua
032.196  000.171  000.171: sourcing /opt/homebrew/Cellar/neovim/0.8.1/share/nvim/runtime/plugin/health.vim
032.335  000.037  000.037: sourcing /opt/homebrew/Cellar/neovim/0.8.1/share/nvim/runtime/plugin/man.lua
032.746  000.334  000.334: sourcing /opt/homebrew/Cellar/neovim/0.8.1/share/nvim/runtime/plugin/rplugin.vim
032.912  000.092  000.092: sourcing /opt/homebrew/Cellar/neovim/0.8.1/share/nvim/runtime/plugin/shada.vim
033.062  000.061  000.061: sourcing /opt/homebrew/Cellar/neovim/0.8.1/share/nvim/runtime/plugin/spellfile.vim
033.155  010.861  006.906: require('lazyconfig')
033.160  011.887  001.027: sourcing /Users/fadel/.config/nvim/init.lua
033.167  001.629: sourcing vimrc file(s)
033.280  000.017  000.017: sourcing /opt/homebrew/Cellar/neovim/0.8.1/share/nvim/runtime/filetype.lua
033.522  000.172  000.172: sourcing /opt/homebrew/Cellar/neovim/0.8.1/share/nvim/runtime/filetype.vim
034.102  000.242  000.242: sourcing /opt/homebrew/Cellar/neovim/0.8.1/share/nvim/runtime/syntax/synload.vim
034.167  000.528  000.286: sourcing /opt/homebrew/Cellar/neovim/0.8.1/share/nvim/runtime/syntax/syntax.vim
034.177  000.293: inits 3
036.606  002.429: reading ShaDa
036.675  000.069: opening buffers
036.677  000.002: BufEnter autocommands
036.679  000.002: editing files in windows
037.414  000.735: VimEnter autocommands
037.415  000.002: UIEnter autocommands
037.864  000.325  000.325: sourcing /opt/homebrew/Cellar/neovim/0.8.1/share/nvim/runtime/autoload/provider/clipboard.vim
037.869  000.128: before starting main loop
038.984  001.116: first screen update
038.986  000.002: --- NVIM STARTED ---


times in msec
 clock   self+sourced   self:  sourced script
 clock   elapsed:              other lines

000.010  000.010: --- NVIM STARTING ---
000.156  000.145: event init
000.379  000.223: early init
000.630  000.251: locale set
000.660  000.030: init first window
011.321  010.661: inits 1
011.336  000.015: window checked
011.338  000.002: parsing arguments
011.826  000.083  000.083: require('vim.shared')
011.939  000.039  000.039: require('vim._meta')
011.940  000.111  000.072: require('vim._editor')
011.943  000.234  000.040: require('vim._init_packages')
011.945  000.373: init lua interpreter
012.246  000.301: expanding arguments
012.282  000.036: inits 2
012.606  000.324: init highlight
012.607  000.001: waiting for UI
015.332  002.724: done waiting for UI
015.356  000.025: init screen for UI
015.543  000.187: init default mappings
015.558  000.015: init default autocommands
016.527  000.120  000.120: sourcing /opt/homebrew/Cellar/neovim/0.8.1/share/nvim/runtime/ftplugin.vim
016.706  000.044  000.044: sourcing /opt/homebrew/Cellar/neovim/0.8.1/share/nvim/runtime/indent.vim
019.243  000.967  000.967: require('lazy')
019.299  000.017  000.017: require('ffi')
019.730  000.427  000.427: require('lazy.core.cache')
021.973  000.200  000.200: require('lazy.core.util')
022.101  000.124  000.124: require('lazy.core.config')
022.265  000.070  000.070: require('lazy.core.handler')
022.269  000.167  000.097: require('lazy.core.loader')
022.347  000.076  000.076: require('lazy.core.plugin')
025.020  000.074  000.074: require('lazy.core.handler.event')
025.024  000.163  000.089: require('lazy.core.handler.ft')
025.086  000.060  000.060: require('lazy.core.handler.cmd')
025.147  000.058  000.058: require('lazy.core.handler.keys')
025.157  000.005  000.005: require('vim.keymap')
026.146  000.175  000.175: sourcing /opt/homebrew/Cellar/neovim/0.8.1/share/nvim/runtime/filetype.lua
027.455  000.107  000.107: require('oxocarbon.colorutils')
028.012  000.762  000.655: require('oxocarbon')
028.014  000.776  000.015: sourcing /Users/fadel/.local/share/nvim/lazy/oxocarbon.nvim/colors/oxocarbon.lua
028.196  000.004  000.004: require('vim.F')
028.203  000.104  000.100: require('alpha')
028.428  000.013  000.013: sourcing /opt/homebrew/Cellar/neovim/0.8.1/share/nvim/runtime/plugin/health.vim
028.545  000.028  000.028: sourcing /opt/homebrew/Cellar/neovim/0.8.1/share/nvim/runtime/plugin/man.lua
028.786  000.167  000.167: sourcing /opt/homebrew/Cellar/neovim/0.8.1/share/nvim/runtime/plugin/rplugin.vim
028.927  000.058  000.058: sourcing /opt/homebrew/Cellar/neovim/0.8.1/share/nvim/runtime/plugin/shada.vim
029.038  000.024  000.024: sourcing /opt/homebrew/Cellar/neovim/0.8.1/share/nvim/runtime/plugin/spellfile.vim
029.135  011.289  007.679: require('lazyconfig')
029.140  012.180  000.891: sourcing /Users/fadel/.config/nvim/init.lua
029.147  001.245: sourcing vimrc file(s)
029.347  000.019  000.019: sourcing /opt/homebrew/Cellar/neovim/0.8.1/share/nvim/runtime/filetype.lua
029.436  000.012  000.012: sourcing /opt/homebrew/Cellar/neovim/0.8.1/share/nvim/runtime/filetype.vim
029.726  000.069  000.069: sourcing /opt/homebrew/Cellar/neovim/0.8.1/share/nvim/runtime/syntax/synload.vim
029.786  000.242  000.173: sourcing /opt/homebrew/Cellar/neovim/0.8.1/share/nvim/runtime/syntax/syntax.vim
029.797  000.376: inits 3
032.173  002.376: reading ShaDa
032.239  000.066: opening buffers
032.242  000.003: BufEnter autocommands
032.244  000.002: editing files in windows
033.084  000.840: VimEnter autocommands
033.086  000.002: UIEnter autocommands
033.448  000.200  000.200: sourcing /opt/homebrew/Cellar/neovim/0.8.1/share/nvim/runtime/autoload/provider/clipboard.vim
033.454  000.168: before starting main loop
034.100  000.646: first screen update
034.102  000.001: --- NVIM STARTED ---


times in msec
 clock   self+sourced   self:  sourced script
 clock   elapsed:              other lines

000.006  000.006: --- NVIM STARTING ---
000.138  000.132: event init
000.334  000.196: early init
000.581  000.247: locale set
000.611  000.030: init first window
011.986  011.375: inits 1
012.005  000.019: window checked
012.008  000.003: parsing arguments
012.537  000.084  000.084: require('vim.shared')
012.649  000.038  000.038: require('vim._meta')
012.651  000.110  000.072: require('vim._editor')
012.652  000.236  000.042: require('vim._init_packages')
012.654  000.410: init lua interpreter
013.031  000.377: expanding arguments
013.086  000.055: inits 2
013.422  000.335: init highlight
013.423  000.001: waiting for UI
016.717  003.294: done waiting for UI
016.740  000.023: init screen for UI
016.944  000.204: init default mappings
016.960  000.016: init default autocommands
018.016  000.121  000.121: sourcing /opt/homebrew/Cellar/neovim/0.8.1/share/nvim/runtime/ftplugin.vim
018.194  000.033  000.033: sourcing /opt/homebrew/Cellar/neovim/0.8.1/share/nvim/runtime/indent.vim
020.236  000.838  000.838: require('lazy')
020.281  000.018  000.018: require('ffi')
020.647  000.361  000.361: require('lazy.core.cache')
022.820  000.135  000.135: require('lazy.core.util')
022.928  000.104  000.104: require('lazy.core.config')
023.078  000.067  000.067: require('lazy.core.handler')
023.082  000.153  000.086: require('lazy.core.loader')
023.159  000.076  000.076: require('lazy.core.plugin')
025.948  000.107  000.107: require('lazy.core.handler.event')
026.026  000.075  000.075: require('lazy.core.handler.keys')
026.094  000.065  000.065: require('lazy.core.handler.ft')
026.153  000.057  000.057: require('lazy.core.handler.cmd')
026.237  000.006  000.006: require('vim.keymap')
027.162  000.162  000.162: sourcing /opt/homebrew/Cellar/neovim/0.8.1/share/nvim/runtime/filetype.lua
027.564  000.004  000.004: require('vim.F')
027.574  000.103  000.099: require('alpha')
028.763  000.094  000.094: require('oxocarbon.colorutils')
029.531  000.963  000.869: require('oxocarbon')
029.533  000.977  000.014: sourcing /Users/fadel/.local/share/nvim/lazy/oxocarbon.nvim/colors/oxocarbon.lua
029.720  000.013  000.013: sourcing /opt/homebrew/Cellar/neovim/0.8.1/share/nvim/runtime/plugin/health.vim
029.810  000.027  000.027: sourcing /opt/homebrew/Cellar/neovim/0.8.1/share/nvim/runtime/plugin/man.lua
030.033  000.158  000.158: sourcing /opt/homebrew/Cellar/neovim/0.8.1/share/nvim/runtime/plugin/rplugin.vim
030.152  000.055  000.055: sourcing /opt/homebrew/Cellar/neovim/0.8.1/share/nvim/runtime/plugin/shada.vim
030.237  000.021  000.021: sourcing /opt/homebrew/Cellar/neovim/0.8.1/share/nvim/runtime/plugin/spellfile.vim
030.431  011.279  007.768: require('lazyconfig')
030.436  012.008  000.729: sourcing /Users/fadel/.config/nvim/init.lua
030.443  001.321: sourcing vimrc file(s)
030.551  000.018  000.018: sourcing /opt/homebrew/Cellar/neovim/0.8.1/share/nvim/runtime/filetype.lua
030.631  000.012  000.012: sourcing /opt/homebrew/Cellar/neovim/0.8.1/share/nvim/runtime/filetype.vim
030.895  000.069  000.069: sourcing /opt/homebrew/Cellar/neovim/0.8.1/share/nvim/runtime/syntax/synload.vim
030.956  000.228  000.159: sourcing /opt/homebrew/Cellar/neovim/0.8.1/share/nvim/runtime/syntax/syntax.vim
030.966  000.265: inits 3
033.423  002.457: reading ShaDa
033.492  000.069: opening buffers
033.496  000.004: BufEnter autocommands
033.498  000.002: editing files in windows
034.119  000.622: VimEnter autocommands
034.121  000.002: UIEnter autocommands
034.442  000.195  000.195: sourcing /opt/homebrew/Cellar/neovim/0.8.1/share/nvim/runtime/autoload/provider/clipboard.vim
034.448  000.131: before starting main loop
035.129  000.681: first screen update
035.130  000.001: --- NVIM STARTED ---


times in msec
 clock   self+sourced   self:  sourced script
 clock   elapsed:              other lines

000.009  000.009: --- NVIM STARTING ---
000.165  000.156: event init
000.409  000.244: early init
000.702  000.293: locale set
000.741  000.040: init first window
011.583  010.842: inits 1
011.598  000.015: window checked
011.601  000.003: parsing arguments
012.038  000.074  000.074: require('vim.shared')
012.137  000.035  000.035: require('vim._meta')
012.140  000.099  000.064: require('vim._editor')
012.142  000.208  000.035: require('vim._init_packages')
012.143  000.335: init lua interpreter
012.416  000.272: expanding arguments
012.466  000.050: inits 2
012.749  000.284: init highlight
012.750  000.001: waiting for UI
015.772  003.022: done waiting for UI
015.792  000.020: init screen for UI
015.942  000.151: init default mappings
015.953  000.011: init default autocommands
016.785  000.067  000.067: sourcing /opt/homebrew/Cellar/neovim/0.8.1/share/nvim/runtime/ftplugin.vim
016.914  000.029  000.029: sourcing /opt/homebrew/Cellar/neovim/0.8.1/share/nvim/runtime/indent.vim
018.885  000.830  000.830: require('lazy')
018.922  000.015  000.015: require('ffi')
019.291  000.366  000.366: require('lazy.core.cache')
021.285  000.114  000.114: require('lazy.core.util')
021.398  000.111  000.111: require('lazy.core.config')
021.566  000.076  000.076: require('lazy.core.handler')
021.569  000.170  000.093: require('lazy.core.loader')
021.645  000.074  000.074: require('lazy.core.plugin')
023.567  000.120  000.120: require('lazy.core.handler.keys')
023.663  000.089  000.089: require('lazy.core.handler.cmd')
023.867  000.097  000.097: require('lazy.core.handler.event')
023.871  000.206  000.108: require('lazy.core.handler.ft')
023.914  000.008  000.008: require('vim.keymap')
025.203  000.230  000.230: sourcing /opt/homebrew/Cellar/neovim/0.8.1/share/nvim/runtime/filetype.lua
027.050  000.113  000.113: require('oxocarbon.colorutils')
027.780  001.177  001.063: require('oxocarbon')
027.787  001.223  000.046: sourcing /Users/fadel/.local/share/nvim/lazy/oxocarbon.nvim/colors/oxocarbon.lua
028.309  000.005  000.005: require('vim.F')
028.317  000.210  000.205: require('alpha')
028.724  000.017  000.017: sourcing /opt/homebrew/Cellar/neovim/0.8.1/share/nvim/runtime/plugin/health.vim
028.846  000.033  000.033: sourcing /opt/homebrew/Cellar/neovim/0.8.1/share/nvim/runtime/plugin/man.lua
029.093  000.172  000.172: sourcing /opt/homebrew/Cellar/neovim/0.8.1/share/nvim/runtime/plugin/rplugin.vim
029.221  000.058  000.058: sourcing /opt/homebrew/Cellar/neovim/0.8.1/share/nvim/runtime/plugin/shada.vim
029.313  000.022  000.022: sourcing /opt/homebrew/Cellar/neovim/0.8.1/share/nvim/runtime/plugin/spellfile.vim
029.470  011.653  007.586: require('lazyconfig')
029.481  012.348  000.695: sourcing /Users/fadel/.config/nvim/init.lua
029.488  001.091: sourcing vimrc file(s)
029.679  000.019  000.019: sourcing /opt/homebrew/Cellar/neovim/0.8.1/share/nvim/runtime/filetype.lua
029.758  000.012  000.012: sourcing /opt/homebrew/Cellar/neovim/0.8.1/share/nvim/runtime/filetype.vim
030.029  000.077  000.077: sourcing /opt/homebrew/Cellar/neovim/0.8.1/share/nvim/runtime/syntax/synload.vim
030.090  000.236  000.159: sourcing /opt/homebrew/Cellar/neovim/0.8.1/share/nvim/runtime/syntax/syntax.vim
030.100  000.344: inits 3
032.416  002.316: reading ShaDa
032.470  000.054: opening buffers
032.471  000.001: BufEnter autocommands
032.473  000.002: editing files in windows
033.156  000.683: VimEnter autocommands
033.158  000.002: UIEnter autocommands
033.445  000.178  000.178: sourcing /opt/homebrew/Cellar/neovim/0.8.1/share/nvim/runtime/autoload/provider/clipboard.vim
033.450  000.114: before starting main loop
034.032  000.582: first screen update
034.035  000.002: --- NVIM STARTED ---
